#
# There is insufficient memory for the Java Runtime Environment to continue.
# Native memory allocation (malloc) failed to allocate 1048576 bytes for AllocateHeap
# Possible reasons:
#   The system is out of physical RAM or swap space
#   The process is running with CompressedOops enabled, and the Java Heap may be blocking the growth of the native heap
# Possible solutions:
#   Reduce memory load on the system
#   Increase physical memory or swap space
#   Check if swap backing store is full
#   Decrease Java heap size (-Xmx/-Xms)
#   Decrease number of Java threads
#   Decrease Java thread stack sizes (-Xss)
#   Set larger code cache with -XX:ReservedCodeCacheSize=
#   JVM is running with Zero Based Compressed Oops mode in which the Java heap is
#     placed in the first 32GB address space. The Java Heap base address is the
#     maximum limit for the native heap growth. Please use -XX:HeapBaseMinAddress
#     to set the Java Heap base and to place the Java Heap above 32GB virtual address.
# This output file may be truncated or incomplete.
#
#  Out of Memory Error (memory/allocation.inline.hpp:61), pid=15424, tid=0x0000000000002a84
#
# JRE version:  (8.0_221-b11) (build )
# Java VM: Java HotSpot(TM) 64-Bit Server VM (25.221-b11 mixed mode windows-amd64 compressed oops)
# Failed to write core dump. Minidumps are not enabled by default on client versions of Windows
#

---------------  T H R E A D  ---------------

Current thread (0x0000000002fc4000):  JavaThread "Unknown thread" [_thread_in_vm, id=10884, stack(0x0000000002d00000,0x0000000002e00000)]

Stack: [0x0000000002d00000,0x0000000002e00000]
[error occurred during error reporting (printing stack bounds), id 0xc0000005]

Native frames: (J=compiled Java code, j=interpreted, Vv=VM code, C=native code)


---------------  P R O C E S S  ---------------

Java Threads: ( => current thread )

Other Threads:

=>0x0000000002fc4000 (exited) JavaThread "Unknown thread" [_thread_in_vm, id=10884, stack(0x0000000002d00000,0x0000000002e00000)]

VM state:not at safepoint (normal execution)

VM Mutex/Monitor currently owned by a thread: None

heap address: 0x00000006c2000000, size: 4064 MB, Compressed Oops mode: Zero based, Oop shift amount: 3
Narrow klass base: 0x0000000000000000, Narrow klass shift: 3
Compressed class space size: 1073741824 Address: 0x00000007c0000000

Heap:
 PSYoungGen      total 75776K, used 1300K [0x000000076b580000, 0x0000000770a00000, 0x00000007c0000000)
  eden space 65024K, 2% used [0x000000076b580000,0x000000076b6c51f8,0x000000076f500000)
  from space 10752K, 0% used [0x000000076ff80000,0x000000076ff80000,0x0000000770a00000)
  to   space 10752K, 0% used [0x000000076f500000,0x000000076f500000,0x000000076ff80000)
 ParOldGen       total 173568K, used 0K [0x00000006c2000000, 0x00000006cc980000, 0x000000076b580000)
  object space 173568K, 0% used [0x00000006c2000000,0x00000006c2000000,0x00000006cc980000)
 Metaspace       used 776K, capacity 4480K, committed 4480K, reserved 1056768K
  class space    used 76K, capacity 384K, committed 384K, reserved 1048576K

Card table byte_map: [0x0000000012480000,0x0000000012c80000] byte_map_base: 0x000000000ee70000

Marking Bits: (ParMarkBitMap*) 0x000000006a575ce0
 Begin Bits: [0x00000000139d0000, 0x0000000017950000)
 End Bits:   [0x0000000017950000, 0x000000001b8d0000)

Polling page: 0x0000000000c40000

CodeCache: size=245760Kb used=328Kb max_used=328Kb free=245431Kb
 bounds [0x00000000030c0000, 0x0000000003330000, 0x00000000120c0000]
 total_blobs=58 nmethods=0 adapters=38
 compilation: enabled

Compilation events (0 events):
No events

GC Heap History (0 events):
No events

Deoptimization events (0 events):
No events

Classes redefined (0 events):
No events

Internal exceptions (0 events):
No events

Events (10 events):
Event: 0.031 loading class java/lang/Short
Event: 0.031 loading class java/lang/Short done
Event: 0.031 loading class java/lang/Integer
Event: 0.031 loading class java/lang/Integer done
Event: 0.031 loading class java/lang/Long
Event: 0.031 loading class java/lang/Long done
Event: 0.032 loading class java/lang/NullPointerException
Event: 0.032 loading class java/lang/NullPointerException done
Event: 0.032 loading class java/lang/ArithmeticException
Event: 0.032 loading class java/lang/ArithmeticException done


Dynamic libraries:
0x00007ff6c4fb0000 - 0x00007ff6c4fe7000 	C:\Program Files\Java\jdk1.8.0_221\bin\java.exe
0x00007ff9fc7a0000 - 0x00007ff9fc990000 	C:\WINDOWS\SYSTEM32\ntdll.dll
0x00007ff9fc0a0000 - 0x00007ff9fc152000 	C:\WINDOWS\System32\KERNEL32.DLL
0x00007ff9f9b00000 - 0x00007ff9f9da3000 	C:\WINDOWS\System32\KERNELBASE.dll
0x00007ff9faa10000 - 0x00007ff9faab3000 	C:\WINDOWS\System32\ADVAPI32.DLL
0x00007ff9fb5f0000 - 0x00007ff9fb68e000 	C:\WINDOWS\System32\msvcrt.dll
0x00007ff9fb440000 - 0x00007ff9fb4d7000 	C:\WINDOWS\System32\sechost.dll
0x00007ff9fb830000 - 0x00007ff9fb950000 	C:\WINDOWS\System32\RPCRT4.dll
0x00007ff9fb690000 - 0x00007ff9fb824000 	C:\WINDOWS\System32\USER32.dll
0x00007ff9fa7c0000 - 0x00007ff9fa7e1000 	C:\WINDOWS\System32\win32u.dll
0x00007ff9fb560000 - 0x00007ff9fb586000 	C:\WINDOWS\System32\GDI32.dll
0x00007ff9f9960000 - 0x00007ff9f9af4000 	C:\WINDOWS\System32\gdi32full.dll
0x00007ff9fa550000 - 0x00007ff9fa5ee000 	C:\WINDOWS\System32\msvcp_win.dll
0x00007ff9fa6c0000 - 0x00007ff9fa7ba000 	C:\WINDOWS\System32\ucrtbase.dll
0x00007ff9eb1e0000 - 0x00007ff9eb465000 	C:\WINDOWS\WinSxS\amd64_microsoft.windows.common-controls_6595b64144ccf1df_6.0.18362.720_none_e6beb5c51314836b\COMCTL32.dll
0x00007ff9face0000 - 0x00007ff9fb016000 	C:\WINDOWS\System32\combase.dll
0x00007ff9fa640000 - 0x00007ff9fa6c0000 	C:\WINDOWS\System32\bcryptPrimitives.dll
0x00007ff9fa9e0000 - 0x00007ff9faa0e000 	C:\WINDOWS\System32\IMM32.DLL
0x000000006a600000 - 0x000000006a6d2000 	C:\Program Files\Java\jdk1.8.0_221\jre\bin\msvcr100.dll
0x0000000069d50000 - 0x000000006a5f5000 	C:\Program Files\Java\jdk1.8.0_221\jre\bin\server\jvm.dll
0x00007ff9fa9d0000 - 0x00007ff9fa9d8000 	C:\WINDOWS\System32\PSAPI.DLL
0x00007ff9f7230000 - 0x00007ff9f7254000 	C:\WINDOWS\SYSTEM32\WINMM.dll
0x00007ff9d14a0000 - 0x00007ff9d14a9000 	C:\WINDOWS\SYSTEM32\WSOCK32.dll
0x00007ff9fb030000 - 0x00007ff9fb09f000 	C:\WINDOWS\System32\WS2_32.dll
0x00007ff9f6fd0000 - 0x00007ff9f6ffd000 	C:\WINDOWS\SYSTEM32\WINMMBASE.dll
0x00007ff9f4240000 - 0x00007ff9f424a000 	C:\WINDOWS\SYSTEM32\VERSION.dll
0x00007ff9fa5f0000 - 0x00007ff9fa63a000 	C:\WINDOWS\System32\cfgmgr32.dll
0x00007ff9f2ca0000 - 0x00007ff9f2caf000 	C:\Program Files\Java\jdk1.8.0_221\jre\bin\verify.dll
0x00007ff9e3f80000 - 0x00007ff9e3fa9000 	C:\Program Files\Java\jdk1.8.0_221\jre\bin\java.dll
0x00007ff9f5f90000 - 0x00007ff9f5fb3000 	C:\Program Files\Java\jdk1.8.0_221\jre\bin\instrument.dll
0x00007ff9f08d0000 - 0x00007ff9f08e6000 	C:\Program Files\Java\jdk1.8.0_221\jre\bin\zip.dll

VM Arguments:
jvm_args: -ea -Didea.test.cyclic.buffer.size=1048576 -javaagent:C:\Program Files\JetBrains\IntelliJ IDEA 2019.2\lib\idea_rt.jar=55567:C:\Program Files\JetBrains\IntelliJ IDEA 2019.2\bin -Dfile.encoding=UTF-8 
java_command: com.intellij.rt.execution.junit.JUnitStarter -ideVersion5 -junit4 com.alsa.container.additionalCapabilityOfApplicationContext.i18UsingMessageSource.UsingMessageSourceTest,testMessageSource3
java_class_path (initial): C:\Program Files\JetBrains\IntelliJ IDEA 2019.2\lib\idea_rt.jar;C:\Program Files\JetBrains\IntelliJ IDEA 2019.2\plugins\junit\lib\junit-rt.jar;C:\Program Files\JetBrains\IntelliJ IDEA 2019.2\plugins\junit\lib\junit5-rt.jar;C:\Program Files\Java\jdk1.8.0_221\jre\lib\charsets.jar;C:\Program Files\Java\jdk1.8.0_221\jre\lib\deploy.jar;C:\Program Files\Java\jdk1.8.0_221\jre\lib\ext\access-bridge-64.jar;C:\Program Files\Java\jdk1.8.0_221\jre\lib\ext\cldrdata.jar;C:\Program Files\Java\jdk1.8.0_221\jre\lib\ext\dnsns.jar;C:\Program Files\Java\jdk1.8.0_221\jre\lib\ext\jaccess.jar;C:\Program Files\Java\jdk1.8.0_221\jre\lib\ext\jfxrt.jar;C:\Program Files\Java\jdk1.8.0_221\jre\lib\ext\localedata.jar;C:\Program Files\Java\jdk1.8.0_221\jre\lib\ext\nashorn.jar;C:\Program Files\Java\jdk1.8.0_221\jre\lib\ext\sunec.jar;C:\Program Files\Java\jdk1.8.0_221\jre\lib\ext\sunjce_provider.jar;C:\Program Files\Java\jdk1.8.0_221\jre\lib\ext\sunmscapi.jar;C:\Program Files\Java\jdk1.8.0_221\jre\lib\ext\sunpkcs11.jar;C:\Program Files\Java\jdk1.8.0_221\jre\lib\ext\zipfs.jar;C:\Program Files\Java\jdk1.8.0_221\jre\lib\javaws.jar;C:\Program Files\Java\jdk1.8.0_221\jre\lib\jce.jar;C:\Program Files\Java\jdk1.8.0_221\jre\lib\jfr.jar;C:\Program Files\Java\jdk1.8.0_221\jre\lib\jfxswt.jar;C:\Program Files\Java\jdk1.8.0_221\jre\lib\jsse.jar;C:\Program Files\Java\jdk1.8.0_221\jre\lib\management-agent.jar;C:\Program Files\Java\jdk1.8.0_221\jre\lib\plugin.jar;C:\Program Files\Java\jdk1.8.0_221\jre\lib\resources.jar;C:\Program Files\Java\jdk1.8.0_221\jre\lib\rt.jar;D:\learn\project\springFramework\springLm\target\test-classes;D:\learn\project\springFramework\springLm\target\classes;C:\Users\Administrator\.m2\repository\org\springframework\spring-context\5.2.6.RELEASE\spring-context-5.2.6.RELEASE.jar;C:\Users\Administrator\.m2\repository\org\springframework\spring-aop\5.2.6.RELEASE\spring-aop-5.2.6.RELEASE.jar;C:\Users\Administrator\.m2\repository\org\springframework\spring-expression
Launcher Type: SUN_STANDARD

Environment Variables:
JAVA_HOME=C:\Program Files\Java\jdk1.8.0_221
PATH=C:\Program Files\JetBrains\IntelliJ IDEA 2019.2\jbr\\bin;C:\Program Files\JetBrains\IntelliJ IDEA 2019.2\jbr\\bin\server;C:\Program Files (x86)\NetSarang\Xftp 6\;C:\Program Files (x86)\NetSarang\Xshell 6\;C:\WINDOWS\system32;C:\WINDOWS;C:\WINDOWS\System32\Wbem;C:\WINDOWS\System32\WindowsPowerShell\v1.0\;C:\WINDOWS\System32\OpenSSH\;C:\Program Files\TortoiseSVN\bin;C:\Program Files\Git\cmd;D:\work\soft_tool\apache-maven-3.5.4-bin\apache-maven-3.5.4\bin;C:\Program Files\Java\jdk1.8.0_221\bin;D:\work\soft_tool\all_soft_link;D:\work\soft_tool\scala-2.11.12\scala-2.11.12\bin;D:\work\soft_tool\hadoop-2.7.2\hadoop-2.7.2\bin;D:\Program Files (x86)\nodejs\;C:\Users\Administrator\AppData\Local\Microsoft\WindowsApps;;C:\Users\Administrator\AppData\Local\Programs\Fiddler;D:\Program Files (x86)\Microsoft VS Code\bin;C:\Users\Administrator\AppData\Roaming\npm
USERNAME=Administrator
OS=Windows_NT
PROCESSOR_IDENTIFIER=Intel64 Family 6 Model 158 Stepping 13, GenuineIntel



---------------  S Y S T E M  ---------------

OS: Windows 10.0 , 64 bit Build 18362 (10.0.18362.329)

CPU:total 8 (initial active 8) (8 cores per cpu, 1 threads per core) family 6 model 158 stepping 13, cmov, cx8, fxsr, mmx, sse, sse2, sse3, ssse3, sse4.1, sse4.2, popcnt, avx, avx2, aes, clmul, erms, rtm, 3dnowpref, lzcnt, tsc, tscinvbit, bmi1, bmi2, adx

Memory: 4k page, physical 16646080k(5015120k free), swap 29679408k(5192k free)

vm_info: Java HotSpot(TM) 64-Bit Server VM (25.221-b11) for windows-amd64 JRE (1.8.0_221-b11), built on Jul  4 2019 04:39:29 by "java_re" with MS VC++ 10.0 (VS2010)

time: Wed Jun 17 15:20:15 2020
timezone: 中国标准时间
elapsed time: 0 seconds (0d 0h 0m 0s)

